2025-04-18T19:56:33.867Z	[34mINFO[0m	engine/engine.go:407	Initialize database connections
2025-04-18T19:56:33.868Z	[34mINFO[0m	engine/engine.go:407	Initialize configuration
2025-04-18T19:56:33.872Z	[34mINFO[0m	engine/engine.go:407	Initialize navigation buttons
2025-04-18T19:56:33.872Z	[34mINFO[0m	engine/engine.go:407	Initialize plugins
2025-04-18T19:56:33.873Z	[34mINFO[0m	engine/engine.go:407	Initialize success🍺🍺
2025-04-18T19:56:37.401Z	[34mINFO[0m	controller/handler.go:25	[GoAdmin] access log	{"traceID": "0a00020f1193017450061973140001", "statuscode": "200", "method": "GET", "path": "/admin/info/generate/new"}
2025-04-18T19:56:41.485Z	[34mINFO[0m	controller/handler.go:25	[GoAdmin] access log	{"traceID": "0a00020f1193017450062014790003", "statuscode": "200", "method": "GET", "path": "/admin/assets/dist/css/fonts/6xKydSBYKcSV-LCoeQqfX1RYOo3i54rwlxdr.ttf"}
2025-04-18T19:56:41.485Z	[34mINFO[0m	controller/handler.go:25	[GoAdmin] access log	{"traceID": "0a00020f1193017450062014780002", "statuscode": "200", "method": "GET", "path": "/admin/assets/dist/fonts/ionicons.ttf"}
2025-04-18T19:56:46.169Z	[34mINFO[0m	controller/handler.go:25	[GoAdmin] access log	{"traceID": "0a00020f1193017450062061010004", "statuscode": "200", "method": "GET", "path": "/admin/info/generate/new"}
2025-04-18T19:56:50.927Z	[34mINFO[0m	controller/handler.go:25	[GoAdmin] access log	{"traceID": "0a00020f1193017450062109270005", "statuscode": "200", "method": "GET", "path": "/admin/assets/dist/css/blue.png"}
2025-04-18T20:18:36.542Z	[34mINFO[0m	engine/engine.go:407	Initialize database connections
2025-04-18T20:18:36.544Z	[34mINFO[0m	engine/engine.go:407	Initialize configuration
2025-04-18T20:18:36.547Z	[34mINFO[0m	engine/engine.go:407	Initialize navigation buttons
2025-04-18T20:18:36.548Z	[34mINFO[0m	engine/engine.go:407	Initialize plugins
2025-04-18T20:18:36.548Z	[34mINFO[0m	engine/engine.go:407	Initialize success🍺🍺
2025-04-18T20:18:48.706Z	[34mINFO[0m	controller/handler.go:25	[GoAdmin] access log	{"traceID": "0a00020f1368117450075287050001", "statuscode": "200", "method": "GET", "path": "/admin/login"}
2025-04-18T20:18:48.794Z	[34mINFO[0m	controller/handler.go:25	[GoAdmin] access log	{"traceID": "0a00020f1368117450075287930002", "statuscode": "200", "method": "GET", "path": "/admin/assets/login/dist/all.min.css"}
2025-04-18T20:18:48.803Z	[34mINFO[0m	controller/handler.go:25	[GoAdmin] access log	{"traceID": "0a00020f1368117450075288020003", "statuscode": "200", "method": "GET", "path": "/admin/assets/login/dist/all.min.js"}
2025-04-18T20:18:54.507Z	[34mINFO[0m	controller/handler.go:25	[GoAdmin] access log	{"traceID": "0a00020f1368117450075343470004", "statuscode": "200", "method": "POST", "path": "/admin/signin"}
2025-04-18T20:18:54.669Z	[34mINFO[0m	controller/handler.go:25	[GoAdmin] access log	{"traceID": "0a00020f1368117450075346680005", "statuscode": "200", "method": "GET", "path": "/admin/assets/dist/css/all.min.165468e1df.css"}
2025-04-18T20:18:54.670Z	[34mINFO[0m	controller/handler.go:25	[GoAdmin] access log	{"traceID": "0a00020f1368117450075346690006", "statuscode": "200", "method": "GET", "path": "/admin/assets/dist/js/all.min.506636f003.js"}
2025-04-18T20:18:54.672Z	[34mINFO[0m	controller/handler.go:25	[GoAdmin] access log	{"traceID": "0a00020f1368117450075346720007", "statuscode": "200", "method": "GET", "path": "/admin/assets/dist/js/tree.min.b68a8b6689.js"}
2025-04-18T20:18:54.704Z	[34mINFO[0m	controller/handler.go:25	[GoAdmin] access log	{"traceID": "0a00020f1368117450075347040009", "statuscode": "200", "method": "GET", "path": "/admin/assets/dist/js/datatable.min.43c12443cf.js"}
2025-04-18T20:18:54.704Z	[34mINFO[0m	controller/handler.go:25	[GoAdmin] access log	{"traceID": "0a00020f1368117450075347040010", "statuscode": "200", "method": "GET", "path": "/admin/assets/dist/js/treeview.min.3095cd8c12.js"}
2025-04-18T20:18:54.736Z	[34mINFO[0m	controller/handler.go:25	[GoAdmin] access log	{"traceID": "0a00020f1368117450075346730008", "statuscode": "200", "method": "GET", "path": "/admin/assets/dist/js/form.min.4022a41f70.js"}
2025-04-18T20:18:54.741Z	[34mINFO[0m	controller/handler.go:25	[GoAdmin] access log	{"traceID": "0a00020f1368117450075347410011", "statuscode": "200", "method": "GET", "path": "/admin/assets/dist/img/avatar04.png"}
2025-04-18T20:18:54.741Z	[34mINFO[0m	controller/handler.go:25	[GoAdmin] access log	{"traceID": "0a00020f1368117450075347410012", "statuscode": "200", "method": "GET", "path": "/admin/assets/dist/js/all_2.min.1cd3070239.js"}
2025-04-18T20:18:54.760Z	[34mINFO[0m	controller/handler.go:25	[GoAdmin] access log	{"traceID": "0a00020f1368117450075347420013", "statuscode": "200", "method": "GET", "path": "/admin/assets/chart.min.js"}
2025-04-18T20:18:55.112Z	[34mINFO[0m	controller/handler.go:25	[GoAdmin] access log	{"traceID": "0a00020f1368117450075351120014", "statuscode": "200", "method": "GET", "path": "/admin/assets/dist/fonts/fontawesome-webfont.woff2"}
2025-04-18T20:18:55.113Z	[34mINFO[0m	controller/handler.go:25	[GoAdmin] access log	{"traceID": "0a00020f1368117450075351130015", "statuscode": "200", "method": "GET", "path": "/admin/assets/dist/css/fonts/6xK3dSBYKcSV-LCoeQqfX1RYOo3qOK7g.ttf"}
2025-04-18T20:18:55.310Z	[34mINFO[0m	controller/handler.go:25	[GoAdmin] access log	{"traceID": "0a00020f1368117450075353090016", "statuscode": "200", "method": "GET", "path": "/admin/assets/dist/css/fonts/6xKydSBYKcSV-LCoeQqfX1RYOo3ik4zwlxdr.ttf"}
2025-04-18T20:18:55.314Z	[34mINFO[0m	controller/handler.go:25	[GoAdmin] access log	{"traceID": "0a00020f1368117450075353140018", "statuscode": "200", "method": "GET", "path": "/admin/assets/dist/css/fonts/6xKydSBYKcSV-LCoeQqfX1RYOo3ig4vwlxdr.ttf"}
2025-04-18T20:18:55.314Z	[34mINFO[0m	controller/handler.go:25	[GoAdmin] access log	{"traceID": "0a00020f1368117450075353130017", "statuscode": "200", "method": "GET", "path": "/admin/assets/dist/fonts/ionicons.ttf"}
2025-04-18T20:18:55.402Z	[34mINFO[0m	controller/handler.go:25	[GoAdmin] access log	{"traceID": "0a00020f1368117450075354020019", "statuscode": "200", "method": "GET", "path": "/admin/assets/dist/css/fonts/6xKydSBYKcSV-LCoeQqfX1RYOo3i54rwlxdr.ttf"}
2025-04-18T20:20:29.681Z	[34mINFO[0m	controller/handler.go:25	[GoAdmin] access log	{"traceID": "0a00020f1368117450076296330020", "statuscode": "200", "method": "GET", "path": "/admin/info/normal_manager/edit"}
2025-04-18T20:20:29.718Z	[34mINFO[0m	controller/handler.go:25	[GoAdmin] access log	{"traceID": "0a00020f1368117450076297180021", "statuscode": "200", "method": "GET", "path": "/admin/assets/dist/css/blue.png"}
2025-04-18T20:20:29.767Z	[34mINFO[0m	controller/handler.go:25	[GoAdmin] access log	{"traceID": "0a00020f1368117450076297670022", "statuscode": "200", "method": "GET", "path": "/admin/assets/dist/fonts/glyphicons-halflings-regular.woff2"}
2025-04-18T20:21:05.777Z	[34mINFO[0m	controller/handler.go:25	[GoAdmin] access log	{"traceID": "0a00020f1368117450076657770023", "statuscode": "200", "method": "GET", "path": "/admin/assets/dist/img/loading.gif"}
2025-04-18T20:21:09.029Z	[34mINFO[0m	controller/handler.go:25	[GoAdmin] access log	{"traceID": "0a00020f1368117450076690120024", "statuscode": "200", "method": "POST", "path": "/admin/edit/normal_manager"}
2025-04-18T20:21:19.391Z	[34mINFO[0m	controller/handler.go:25	[GoAdmin] access log	{"traceID": "0a00020f1368117450076793530025", "statuscode": "200", "method": "GET", "path": "/admin/info/generate/new"}
2025-04-19T00:43:08.360Z	[34mINFO[0m	engine/engine.go:407	Initialize database connections
2025-04-19T00:43:08.365Z	[34mINFO[0m	engine/engine.go:407	Initialize configuration
2025-04-19T00:43:08.371Z	[34mINFO[0m	engine/engine.go:407	Initialize navigation buttons
2025-04-19T00:43:08.371Z	[34mINFO[0m	engine/engine.go:407	Initialize plugins
2025-04-19T00:43:08.373Z	[34mINFO[0m	engine/engine.go:407	Initialize success🍺🍺
2025-04-19T00:43:26.752Z	[34mINFO[0m	controller/handler.go:25	[GoAdmin] access log	{"traceID": "0a00020f2489217450234067500001", "statuscode": "200", "method": "GET", "path": "/admin/login"}
2025-04-19T00:43:26.847Z	[34mINFO[0m	controller/handler.go:25	[GoAdmin] access log	{"traceID": "0a00020f2489217450234068310003", "statuscode": "200", "method": "GET", "path": "/admin/assets/login/dist/all.min.js"}
2025-04-19T00:43:26.850Z	[34mINFO[0m	controller/handler.go:25	[GoAdmin] access log	{"traceID": "0a00020f2489217450234068210002", "statuscode": "200", "method": "GET", "path": "/admin/assets/login/dist/all.min.css"}
2025-04-19T00:43:43.310Z	[34mINFO[0m	controller/handler.go:25	[GoAdmin] access log	{"traceID": "0a00020f2489217450234233100004", "statuscode": "200", "method": "GET", "path": "/admin/login"}
